  Entity.cpp
  Main.cpp
c:\users\s189075\downloads\debugexerciseproject\debugging exercise\main.cpp(35): warning C4996: '_sleep': This function or variable has been superceded by newer library or operating system functionality. Consider using Sleep instead. See online help for details.
  c:\program files (x86)\windows kits\10\include\10.0.17134.0\ucrt\stdlib.h(1274): note: see declaration of '_sleep'
c:\users\s189075\downloads\debugexerciseproject\debugging exercise\main.cpp(37): warning C4996: '_sleep': This function or variable has been superceded by newer library or operating system functionality. Consider using Sleep instead. See online help for details.
  c:\program files (x86)\windows kits\10\include\10.0.17134.0\ucrt\stdlib.h(1274): note: see declaration of '_sleep'
c:\users\s189075\downloads\debugexerciseproject\debugging exercise\main.cpp(53): warning C4996: '_sleep': This function or variable has been superceded by newer library or operating system functionality. Consider using Sleep instead. See online help for details.
  c:\program files (x86)\windows kits\10\include\10.0.17134.0\ucrt\stdlib.h(1274): note: see declaration of '_sleep'
c:\users\s189075\downloads\debugexerciseproject\debugging exercise\main.cpp(61): warning C4996: '_sleep': This function or variable has been superceded by newer library or operating system functionality. Consider using Sleep instead. See online help for details.
  c:\program files (x86)\windows kits\10\include\10.0.17134.0\ucrt\stdlib.h(1274): note: see declaration of '_sleep'
c:\users\s189075\downloads\debugexerciseproject\debugging exercise\main.cpp(66): warning C4996: '_sleep': This function or variable has been superceded by newer library or operating system functionality. Consider using Sleep instead. See online help for details.
  c:\program files (x86)\windows kits\10\include\10.0.17134.0\ucrt\stdlib.h(1274): note: see declaration of '_sleep'
c:\users\s189075\downloads\debugexerciseproject\debugging exercise\main.cpp(85): warning C4996: '_sleep': This function or variable has been superceded by newer library or operating system functionality. Consider using Sleep instead. See online help for details.
  c:\program files (x86)\windows kits\10\include\10.0.17134.0\ucrt\stdlib.h(1274): note: see declaration of '_sleep'
c:\users\s189075\downloads\debugexerciseproject\debugging exercise\main.cpp(93): warning C4996: '_sleep': This function or variable has been superceded by newer library or operating system functionality. Consider using Sleep instead. See online help for details.
  c:\program files (x86)\windows kits\10\include\10.0.17134.0\ucrt\stdlib.h(1274): note: see declaration of '_sleep'
c:\users\s189075\downloads\debugexerciseproject\debugging exercise\main.cpp(98): warning C4996: '_sleep': This function or variable has been superceded by newer library or operating system functionality. Consider using Sleep instead. See online help for details.
  c:\program files (x86)\windows kits\10\include\10.0.17134.0\ucrt\stdlib.h(1274): note: see declaration of '_sleep'
c:\users\s189075\downloads\debugexerciseproject\debugging exercise\main.cpp(110): warning C4996: '_sleep': This function or variable has been superceded by newer library or operating system functionality. Consider using Sleep instead. See online help for details.
  c:\program files (x86)\windows kits\10\include\10.0.17134.0\ucrt\stdlib.h(1274): note: see declaration of '_sleep'
  Marine.cpp
  Zergling.cpp
  Generating code
  All 21 functions were compiled because no usable IPDB/IOBJ from previous compilation was found.
  Finished generating code
  Debugging Exercise.vcxproj -> C:\Users\s189075\Downloads\debugExerciseProject\x64\Release\Debugging Exercise.exe
